app/build/outputs/logs/manifest-merger-debug-report.txt
-- Merging decision tree log ---
manifest
ADDED from src\main\AndroidManifest.xml:2:1-70:12
INJECTED from src\main\AndroidManifest.xml:2:1-70:12
INJECTED from src\main\AndroidManifest.xml:2:1-70:12
INJECTED from src\main\AndroidManifest.xml:2:1-70:12
MERGED from [com.google.firebase:firebase-core:11.6.0] AndroidManifest.xml:2:1-6:12
MERGED from [com.android.support:design:26.1.0] AndroidManifest.xml:17:1-31:12
MERGED from [com.android.support:appcompat-v7:26.1.0] AndroidManifest.xml:17:1-31:12
MERGED from [com.google.firebase:firebase-auth:11.6.0] AndroidManifest.xml:16:1-21:12
MERGED from [com.google.android.gms:play-services-auth:11.6.0] AndroidManifest.xml:16:1-26:12
MERGED from [com.google.firebase:firebase-database:11.6.0] AndroidManifest.xml:2:1-4:12
MERGED from [com.android.support.constraint:constraint-layout:1.0.2] AndroidManifest.xml:2:1-11:12
MERGED from [com.google.firebase:firebase-storage:11.6.0] AndroidManifest.xml:2:1-4:12
MERGED from [de.hdodenhof:circleimageview:2.1.0] AndroidManifest.xml:2:1-11:12
MERGED from [com.android.support:cardview-v7:26.1.0] AndroidManifest.xml:17:1-28:12
MERGED from [com.android.support:recyclerview-v7:26.1.0] AndroidManifest.xml:17:1-28:12
MERGED from [com.google.firebase:firebase-analytics:11.6.0] AndroidManifest.xml:16:1-35:12
MERGED from [com.android.support:transition:26.1.0] AndroidManifest.xml:17:1-28:12
MERGED from [com.google.android.gms:play-services-auth-api-phone:11.6.0] AndroidManifest.xml:2:1-4:12
MERGED from [com.google.android.gms:play-services-auth-base:11.6.0] AndroidManifest.xml:2:1-5:12
MERGED from [com.google.android.gms:play-services-base:11.6.0] AndroidManifest.xml:16:1-21:12
MERGED from [com.google.firebase:firebase-database-connection:11.6.0] AndroidManifest.xml:2:1-4:12
MERGED from [com.google.firebase:firebase-analytics-impl:11.6.0] AndroidManifest.xml:16:1-29:12
MERGED from [com.google.firebase:firebase-iid:11.6.0] AndroidManifest.xml:16:1-47:12
MERGED from [com.google.firebase:firebase-common:11.6.0] AndroidManifest.xml:2:1-8:12
MERGED from [com.google.android.gms:play-services-tasks:11.6.0] AndroidManifest.xml:2:1-5:12
MERGED from [com.google.firebase:firebase-storage-common:11.6.0] AndroidManifest.xml:2:1-4:12
MERGED from [com.google.android.gms:play-services-basement:11.6.0] AndroidManifest.xml:16:1-23:12
MERGED from [com.android.support:support-v4:26.1.0] AndroidManifest.xml:17:1-31:12
MERGED from [com.android.support:support-fragment:26.1.0] AndroidManifest.xml:17:1-31:12
MERGED from [com.android.support:animated-vector-drawable:26.1.0] AndroidManifest.xml:17:1-28:12
MERGED from [com.android.support:support-core-ui:26.1.0] AndroidManifest.xml:17:1-31:12
MERGED from [com.android.support:support-media-compat:26.1.0] AndroidManifest.xml:17:1-31:12
MERGED from [com.android.support:support-core-utils:26.1.0] AndroidManifest.xml:17:1-31:12
MERGED from [com.android.support:support-vector-drawable:26.1.0] AndroidManifest.xml:17:1-28:12
MERGED from [com.android.support:support-compat:26.1.0] AndroidManifest.xml:17:1-31:12
MERGED from [com.google.firebase:firebase-auth-license:11.6.0] AndroidManifest.xml:2:1-6:12
MERGED from [com.google.firebase:firebase-database-license:11.6.0] AndroidManifest.xml:2:1-6:12
MERGED from [com.google.firebase:firebase-storage-license:11.6.0] AndroidManifest.xml:2:1-6:12
MERGED from [com.google.firebase:firebase-analytics-license:11.6.0] AndroidManifest.xml:2:1-6:12
MERGED from [com.google.android.gms:play-services-base-license:11.6.0] AndroidManifest.xml:2:1-6:12
MERGED from [com.google.android.gms:play-services-basement-license:11.6.0] AndroidManifest.xml:2:1-6:12
MERGED from [com.google.firebase:firebase-common-license:11.6.0] AndroidManifest.xml:2:1-6:12
MERGED from [com.google.android.gms:play-services-tasks-license:11.6.0] AndroidManifest.xml:2:1-6:12
MERGED from [com.google.android.gms:play-services-auth-api-phone-license:11.6.0] AndroidManifest.xml:2:1-6:12
MERGED from [com.google.android.gms:play-services-auth-base-license:11.6.0] AndroidManifest.xml:2:1-6:12
MERGED from [com.google.firebase:firebase-database-connection-license:11.6.0] AndroidManifest.xml:2:1-6:12
MERGED from [com.google.firebase:firebase-storage-common-license:11.6.0] AndroidManifest.xml:2:1-6:12
MERGED from [android.arch.lifecycle:runtime:1.0.0] AndroidManifest.xml:17:1-30:12
MERGED from [com.google.firebase:firebase-analytics-impl-license:11.6.0] AndroidManifest.xml:2:1-6:12
MERGED from [com.google.firebase:firebase-iid-license:11.6.0] AndroidManifest.xml:2:1-6:12
INJECTED from src\main\AndroidManifest.xml:2:1-70:12
INJECTED from src\main\AndroidManifest.xml:2:1-70:12
INJECTED from src\main\AndroidManifest.xml:2:1-70:12
	package
		ADDED from src\main\AndroidManifest.xml:3:5-65
		INJECTED from src\main\AndroidManifest.xml
		INJECTED from src\main\AndroidManifest.xml
	android:versionName
		INJECTED from src\main\AndroidManifest.xml
		ADDED from src\main\AndroidManifest.xml:2:1-70:12
		INJECTED from src\main\AndroidManifest.xml
	android:versionCode
		INJECTED from src\main\AndroidManifest.xml
		ADDED from src\main\AndroidManifest.xml:2:1-70:12
		INJECTED from src\main\AndroidManifest.xml
	xmlns:android
		ADDED from src\main\AndroidManifest.xml:2:11-69
uses-permission#android.permission.INTERNET
ADDED from src\main\AndroidManifest.xml:5:5-67
MERGED from [com.google.firebase:firebase-analytics:11.6.0] AndroidManifest.xml:20:5-66
MERGED from [com.google.firebase:firebase-analytics:11.6.0] AndroidManifest.xml:20:5-66
MERGED from [com.google.firebase:firebase-analytics-impl:11.6.0] AndroidManifest.xml:20:5-66
MERGED from [com.google.firebase:firebase-analytics-impl:11.6.0] AndroidManifest.xml:20:5-66
MERGED from [com.google.firebase:firebase-iid:11.6.0] AndroidManifest.xml:20:5-66
MERGED from [com.google.firebase:firebase-iid:11.6.0] AndroidManifest.xml:20:5-66
	android:name
		ADDED from src\main\AndroidManifest.xml:5:22-64
application
ADDED from src\main\AndroidManifest.xml:7:5-68:19
MERGED from [com.google.firebase:firebase-core:11.6.0] AndroidManifest.xml:5:5-20
MERGED from [com.google.firebase:firebase-core:11.6.0] AndroidManifest.xml:5:5-20
MERGED from [com.android.support:design:26.1.0] AndroidManifest.xml:25:5-29:19
MERGED from [com.android.support:design:26.1.0] AndroidManifest.xml:25:5-29:19
MERGED from [com.android.support:appcompat-v7:26.1.0] AndroidManifest.xml:25:5-29:19
MERGED from [com.android.support:appcompat-v7:26.1.0] AndroidManifest.xml:25:5-29:19
MERGED from [com.google.firebase:firebase-auth:11.6.0] AndroidManifest.xml:19:5-20:19
MERGED from [com.google.firebase:firebase-auth:11.6.0] AndroidManifest.xml:19:5-20:19
MERGED from [com.google.android.gms:play-services-auth:11.6.0] AndroidManifest.xml:19:5-25:19
MERGED from [com.google.android.gms:play-services-auth:11.6.0] AndroidManifest.xml:19:5-25:19
MERGED from [com.android.support.constraint:constraint-layout:1.0.2] AndroidManifest.xml:9:5-20
MERGED from [com.android.support.constraint:constraint-layout:1.0.2] AndroidManifest.xml:9:5-20
MERGED from [de.hdodenhof:circleimageview:2.1.0] AndroidManifest.xml:9:5-20
MERGED from [de.hdodenhof:circleimageview:2.1.0] AndroidManifest.xml:9:5-20
MERGED from [com.android.support:cardview-v7:26.1.0] AndroidManifest.xml:22:5-26:19
MERGED from [com.android.support:cardview-v7:26.1.0] AndroidManifest.xml:22:5-26:19
MERGED from [com.android.support:recyclerview-v7:26.1.0] AndroidManifest.xml:22:5-26:19
MERGED from [com.android.support:recyclerview-v7:26.1.0] AndroidManifest.xml:22:5-26:19
MERGED from [com.google.firebase:firebase-analytics:11.6.0] AndroidManifest.xml:24:5-34:19
MERGED from [com.google.firebase:firebase-analytics:11.6.0] AndroidManifest.xml:24:5-34:19
MERGED from [com.android.support:transition:26.1.0] AndroidManifest.xml:22:5-26:19
MERGED from [com.android.support:transition:26.1.0] AndroidManifest.xml:22:5-26:19
MERGED from [com.google.android.gms:play-services-base:11.6.0] AndroidManifest.xml:18:5-20:19
MERGED from [com.google.android.gms:play-services-base:11.6.0] AndroidManifest.xml:18:5-20:19
MERGED from [com.google.firebase:firebase-analytics-impl:11.6.0] AndroidManifest.xml:24:5-28:19
MERGED from [com.google.firebase:firebase-analytics-impl:11.6.0] AndroidManifest.xml:24:5-28:19
MERGED from [com.google.firebase:firebase-iid:11.6.0] AndroidManifest.xml:29:5-46:19
MERGED from [com.google.firebase:firebase-iid:11.6.0] AndroidManifest.xml:29:5-46:19
MERGED from [com.google.firebase:firebase-common:11.6.0] AndroidManifest.xml:4:5-7:19
MERGED from [com.google.firebase:firebase-common:11.6.0] AndroidManifest.xml:4:5-7:19
MERGED from [com.google.android.gms:play-services-tasks:11.6.0] AndroidManifest.xml:4:5-19
MERGED from [com.google.android.gms:play-services-tasks:11.6.0] AndroidManifest.xml:4:5-19
MERGED from [com.google.android.gms:play-services-basement:11.6.0] AndroidManifest.xml:19:5-21:19
MERGED from [com.google.android.gms:play-services-basement:11.6.0] AndroidManifest.xml:19:5-21:19
MERGED from [com.android.support:support-v4:26.1.0] AndroidManifest.xml:25:5-29:19
MERGED from [com.android.support:support-v4:26.1.0] AndroidManifest.xml:25:5-29:19
MERGED from [com.android.support:support-fragment:26.1.0] AndroidManifest.xml:25:5-29:19
MERGED from [com.android.support:support-fragment:26.1.0] AndroidManifest.xml:25:5-29:19
MERGED from [com.android.support:animated-vector-drawable:26.1.0] AndroidManifest.xml:22:5-26:19
MERGED from [com.android.support:animated-vector-drawable:26.1.0] AndroidManifest.xml:22:5-26:19
MERGED from [com.android.support:support-core-ui:26.1.0] AndroidManifest.xml:25:5-29:19
MERGED from [com.android.support:support-core-ui:26.1.0] AndroidManifest.xml:25:5-29:19
MERGED from [com.android.support:support-media-compat:26.1.0] AndroidManifest.xml:25:5-29:19
MERGED from [com.android.support:support-media-compat:26.1.0] AndroidManifest.xml:25:5-29:19
MERGED from [com.android.support:support-core-utils:26.1.0] AndroidManifest.xml:25:5-29:19
MERGED from [com.android.support:support-core-utils:26.1.0] AndroidManifest.xml:25:5-29:19
MERGED from [com.android.support:support-vector-drawable:26.1.0] AndroidManifest.xml:22:5-26:19
MERGED from [com.android.support:support-vector-drawable:26.1.0] AndroidManifest.xml:22:5-26:19
MERGED from [com.android.support:support-compat:26.1.0] AndroidManifest.xml:25:5-29:19
MERGED from [com.android.support:support-compat:26.1.0] AndroidManifest.xml:25:5-29:19
MERGED from [com.google.firebase:firebase-auth-license:11.6.0] AndroidManifest.xml:5:5-20
MERGED from [com.google.firebase:firebase-auth-license:11.6.0] AndroidManifest.xml:5:5-20
MERGED from [com.google.firebase:firebase-database-license:11.6.0] AndroidManifest.xml:5:5-20
MERGED from [com.google.firebase:firebase-database-license:11.6.0] AndroidManifest.xml:5:5-20
MERGED from [com.google.firebase:firebase-storage-license:11.6.0] AndroidManifest.xml:5:5-20
MERGED from [com.google.firebase:firebase-storage-license:11.6.0] AndroidManifest.xml:5:5-20
MERGED from [com.google.firebase:firebase-analytics-license:11.6.0] AndroidManifest.xml:5:5-20
MERGED from [com.google.firebase:firebase-analytics-license:11.6.0] AndroidManifest.xml:5:5-20
MERGED from [com.google.android.gms:play-services-base-license:11.6.0] AndroidManifest.xml:5:5-20
MERGED from [com.google.android.gms:play-services-base-license:11.6.0] AndroidManifest.xml:5:5-20
MERGED from [com.google.android.gms:play-services-basement-license:11.6.0] AndroidManifest.xml:5:5-20
MERGED from [com.google.android.gms:play-services-basement-license:11.6.0] AndroidManifest.xml:5:5-20
MERGED from [com.google.firebase:firebase-common-license:11.6.0] AndroidManifest.xml:5:5-20
MERGED from [com.google.firebase:firebase-common-license:11.6.0] AndroidManifest.xml:5:5-20
MERGED from [com.google.android.gms:play-services-tasks-license:11.6.0] AndroidManifest.xml:5:5-20
MERGED from [com.google.android.gms:play-services-tasks-license:11.6.0] AndroidManifest.xml:5:5-20
MERGED from [com.google.android.gms:play-services-auth-api-phone-license:11.6.0] AndroidManifest.xml:5:5-20
MERGED from [com.google.android.gms:play-services-auth-api-phone-license:11.6.0] AndroidManifest.xml:5:5-20
MERGED from [com.google.android.gms:play-services-auth-base-license:11.6.0] AndroidManifest.xml:5:5-20
MERGED from [com.google.android.gms:play-services-auth-base-license:11.6.0] AndroidManifest.xml:5:5-20
MERGED from [com.google.firebase:firebase-database-connection-license:11.6.0] AndroidManifest.xml:5:5-20
MERGED from [com.google.firebase:firebase-database-connection-license:11.6.0] AndroidManifest.xml:5:5-20
MERGED from [com.google.firebase:firebase-storage-common-license:11.6.0] AndroidManifest.xml:5:5-20
MERGED from [com.google.firebase:firebase-storage-common-license:11.6.0] AndroidManifest.xml:5:5-20
MERGED from [android.arch.lifecycle:runtime:1.0.0] AndroidManifest.xml:24:5-28:19
MERGED from [android.arch.lifecycle:runtime:1.0.0] AndroidManifest.xml:24:5-28:19
MERGED from [com.google.firebase:firebase-analytics-impl-license:11.6.0] AndroidManifest.xml:5:5-20
MERGED from [com.google.firebase:firebase-analytics-impl-license:11.6.0] AndroidManifest.xml:5:5-20
MERGED from [com.google.firebase:firebase-iid-license:11.6.0] AndroidManifest.xml:5:5-20
MERGED from [com.google.firebase:firebase-iid-license:11.6.0] AndroidManifest.xml:5:5-20
	android:supportsRtl
		ADDED from src\main\AndroidManifest.xml:12:9-35
	android:label
		ADDED from src\main\AndroidManifest.xml:10:9-41
	android:roundIcon
		ADDED from src\main\AndroidManifest.xml:11:9-45
	android:icon
		ADDED from src\main\AndroidManifest.xml:9:9-40
	android:allowBackup
		ADDED from src\main\AndroidManifest.xml:8:9-35
	android:theme
		ADDED from src\main\AndroidManifest.xml:13:9-40
activity#fooddeliveryapp.totemsolutions.com.fooddeliveryapp.SplashActivity
ADDED from src\main\AndroidManifest.xml:14:9-22:20
	android:screenOrientation
		ADDED from src\main\AndroidManifest.xml:16:13-49
	android:name
		ADDED from src\main\AndroidManifest.xml:15:13-43
intent-filter#android.intent.action.MAIN+android.intent.category.LAUNCHER
ADDED from src\main\AndroidManifest.xml:17:13-21:29
action#android.intent.action.MAIN
ADDED from src\main\AndroidManifest.xml:18:17-69
	android:name
		ADDED from src\main\AndroidManifest.xml:18:25-66
category#android.intent.category.LAUNCHER
ADDED from src\main\AndroidManifest.xml:20:17-77
	android:name
		ADDED from src\main\AndroidManifest.xml:20:27-74
activity#fooddeliveryapp.totemsolutions.com.fooddeliveryapp.InteractionActivity
ADDED from src\main\AndroidManifest.xml:23:9-25:52
	android:screenOrientation
		ADDED from src\main\AndroidManifest.xml:25:13-49
	android:name
		ADDED from src\main\AndroidManifest.xml:24:13-48
meta-data#preloaded_fonts
ADDED from src\main\AndroidManifest.xml:27:9-29:57
	android:resource
		ADDED from src\main\AndroidManifest.xml:29:13-54
	android:name
		ADDED from src\main\AndroidManifest.xml:28:13-43
activity#fooddeliveryapp.totemsolutions.com.fooddeliveryapp.UserRegisterActivity
ADDED from src\main\AndroidManifest.xml:31:9-33:52
	android:screenOrientation
		ADDED from src\main\AndroidManifest.xml:33:13-49
	android:name
		ADDED from src\main\AndroidManifest.xml:32:13-49
activity#fooddeliveryapp.totemsolutions.com.fooddeliveryapp.AskScheduleActivity
ADDED from src\main\AndroidManifest.xml:34:9-36:52
	android:screenOrientation
		ADDED from src\main\AndroidManifest.xml:36:13-49
	android:name
		ADDED from src\main\AndroidManifest.xml:35:13-48
activity#fooddeliveryapp.totemsolutions.com.fooddeliveryapp.BeveragesMenuListActivity
ADDED from src\main\AndroidManifest.xml:37:9-39:52
	android:screenOrientation
		ADDED from src\main\AndroidManifest.xml:39:13-49
	android:name
		ADDED from src\main\AndroidManifest.xml:38:13-54
activity#fooddeliveryapp.totemsolutions.com.fooddeliveryapp.verifyOTPActivity
ADDED from src\main\AndroidManifest.xml:40:9-42:52
	android:screenOrientation
		ADDED from src\main\AndroidManifest.xml:42:13-49
	android:name
		ADDED from src\main\AndroidManifest.xml:41:13-46
activity#fooddeliveryapp.totemsolutions.com.fooddeliveryapp.ItemActivity
ADDED from src\main\AndroidManifest.xml:43:9-45:52
	android:screenOrientation
		ADDED from src\main\AndroidManifest.xml:45:13-49
	android:name
		ADDED from src\main\AndroidManifest.xml:44:13-41
activity#fooddeliveryapp.totemsolutions.com.fooddeliveryapp.ProfileActivity
ADDED from src\main\AndroidManifest.xml:46:9-48:52
	android:screenOrientation
		ADDED from src\main\AndroidManifest.xml:48:13-49
	android:name
		ADDED from src\main\AndroidManifest.xml:47:13-44
activity#fooddeliveryapp.totemsolutions.com.fooddeliveryapp.MakeProfileWhenEmailActivity
ADDED from src\main\AndroidManifest.xml:49:9-51:52
	android:screenOrientation
		ADDED from src\main\AndroidManifest.xml:51:13-49
	android:name
		ADDED from src\main\AndroidManifest.xml:50:13-57
activity#fooddeliveryapp.totemsolutions.com.fooddeliveryapp.DessertImageListActivity
ADDED from src\main\AndroidManifest.xml:52:9-62
	android:name
		ADDED from src\main\AndroidManifest.xml:52:19-59
activity#fooddeliveryapp.totemsolutions.com.fooddeliveryapp.MakeProfileWhenPhoneActivity
ADDED from src\main\AndroidManifest.xml:53:9-66
	android:name
		ADDED from src\main\AndroidManifest.xml:53:19-63
activity#fooddeliveryapp.totemsolutions.com.fooddeliveryapp.CheckoutActivity
ADDED from src\main\AndroidManifest.xml:54:9-54
	android:name
		ADDED from src\main\AndroidManifest.xml:54:19-51
activity#fooddeliveryapp.totemsolutions.com.fooddeliveryapp.MainCourseListActivity
ADDED from src\main\AndroidManifest.xml:55:9-60
	android:name
		ADDED from src\main\AndroidManifest.xml:55:19-57
activity#fooddeliveryapp.totemsolutions.com.fooddeliveryapp.ModeOfPayment
ADDED from src\main\AndroidManifest.xml:56:9-51
	android:name
		ADDED from src\main\AndroidManifest.xml:56:19-48
activity#fooddeliveryapp.totemsolutions.com.fooddeliveryapp.ThaliTypeActivity
ADDED from src\main\AndroidManifest.xml:57:9-55
	android:name
		ADDED from src\main\AndroidManifest.xml:57:19-52
activity#fooddeliveryapp.totemsolutions.com.fooddeliveryapp.SnackListActivity
ADDED from src\main\AndroidManifest.xml:58:9-55
	android:name
		ADDED from src\main\AndroidManifest.xml:58:19-52
activity#fooddeliveryapp.totemsolutions.com.fooddeliveryapp.Chinese
ADDED from src\main\AndroidManifest.xml:59:9-45
	android:name
		ADDED from src\main\AndroidManifest.xml:59:19-42
activity#fooddeliveryapp.totemsolutions.com.fooddeliveryapp.NorthIndian
ADDED from src\main\AndroidManifest.xml:60:9-49
	android:name
		ADDED from src\main\AndroidManifest.xml:60:19-46
activity#fooddeliveryapp.totemsolutions.com.fooddeliveryapp.EggDelite
ADDED from src\main\AndroidManifest.xml:61:9-47
	android:name
		ADDED from src\main\AndroidManifest.xml:61:19-44
activity#fooddeliveryapp.totemsolutions.com.fooddeliveryapp.TuteeCrush
ADDED from src\main\AndroidManifest.xml:62:9-48
	android:name
		ADDED from src\main\AndroidManifest.xml:62:19-45
activity#fooddeliveryapp.totemsolutions.com.fooddeliveryapp.SouthIndian
ADDED from src\main\AndroidManifest.xml:63:9-49
	android:name
		ADDED from src\main\AndroidManifest.xml:63:19-46
activity#fooddeliveryapp.totemsolutions.com.fooddeliveryapp.DeliveryDetailsActivity
ADDED from src\main\AndroidManifest.xml:64:9-61
	android:name
		ADDED from src\main\AndroidManifest.xml:64:19-58
activity#fooddeliveryapp.totemsolutions.com.fooddeliveryapp.FinalDeliveryDetails
ADDED from src\main\AndroidManifest.xml:65:9-58
	android:name
		ADDED from src\main\AndroidManifest.xml:65:19-55
activity#fooddeliveryapp.totemsolutions.com.fooddeliveryapp.SnackItemActivity
ADDED from src\main\AndroidManifest.xml:66:9-55
	android:name
		ADDED from src\main\AndroidManifest.xml:66:19-52
activity#fooddeliveryapp.totemsolutions.com.fooddeliveryapp.ApplyPromoCodeActivity
ADDED from src\main\AndroidManifest.xml:67:9-69
	android:name
		ADDED from src\main\AndroidManifest.xml:67:19-57
uses-sdk
INJECTED from src\main\AndroidManifest.xml reason: use-sdk injection requested
INJECTED from src\main\AndroidManifest.xml
INJECTED from src\main\AndroidManifest.xml
MERGED from [com.google.firebase:firebase-core:11.6.0] AndroidManifest.xml:4:5-43
MERGED from [com.google.firebase:firebase-core:11.6.0] AndroidManifest.xml:4:5-43
MERGED from [com.android.support:design:26.1.0] AndroidManifest.xml:21:5-23:62
MERGED from [com.android.support:design:26.1.0] AndroidManifest.xml:21:5-23:62
MERGED from [com.android.support:appcompat-v7:26.1.0] AndroidManifest.xml:21:5-23:78
MERGED from [com.android.support:appcompat-v7:26.1.0] AndroidManifest.xml:21:5-23:78
MERGED from [com.google.firebase:firebase-auth:11.6.0] AndroidManifest.xml:17:5-43
MERGED from [com.google.firebase:firebase-auth:11.6.0] AndroidManifest.xml:17:5-43
MERGED from [com.google.android.gms:play-services-auth:11.6.0] AndroidManifest.xml:17:5-43
MERGED from [com.google.android.gms:play-services-auth:11.6.0] AndroidManifest.xml:17:5-43
MERGED from [com.google.firebase:firebase-database:11.6.0] AndroidManifest.xml:3:5-43
MERGED from [com.google.firebase:firebase-database:11.6.0] AndroidManifest.xml:3:5-43
MERGED from [com.android.support.constraint:constraint-layout:1.0.2] AndroidManifest.xml:5:5-7:41
MERGED from [com.android.support.constraint:constraint-layout:1.0.2] AndroidManifest.xml:5:5-7:41
MERGED from [com.google.firebase:firebase-storage:11.6.0] AndroidManifest.xml:3:5-43
MERGED from [com.google.firebase:firebase-storage:11.6.0] AndroidManifest.xml:3:5-43
MERGED from [de.hdodenhof:circleimageview:2.1.0] AndroidManifest.xml:5:5-7:41
MERGED from [de.hdodenhof:circleimageview:2.1.0] AndroidManifest.xml:5:5-7:41
MERGED from [com.android.support:cardview-v7:26.1.0] AndroidManifest.xml:20:5-44
MERGED from [com.android.support:cardview-v7:26.1.0] AndroidManifest.xml:20:5-44
MERGED from [com.android.support:recyclerview-v7:26.1.0] AndroidManifest.xml:20:5-44
MERGED from [com.android.support:recyclerview-v7:26.1.0] AndroidManifest.xml:20:5-44
MERGED from [com.google.firebase:firebase-analytics:11.6.0] AndroidManifest.xml:17:5-43
MERGED from [com.google.firebase:firebase-analytics:11.6.0] AndroidManifest.xml:17:5-43
MERGED from [com.android.support:transition:26.1.0] AndroidManifest.xml:20:5-44
MERGED from [com.android.support:transition:26.1.0] AndroidManifest.xml:20:5-44
MERGED from [com.google.android.gms:play-services-auth-api-phone:11.6.0] AndroidManifest.xml:3:3-41
MERGED from [com.google.android.gms:play-services-auth-api-phone:11.6.0] AndroidManifest.xml:3:3-41
MERGED from [com.google.android.gms:play-services-auth-base:11.6.0] AndroidManifest.xml:4:5-43
MERGED from [com.google.android.gms:play-services-auth-base:11.6.0] AndroidManifest.xml:4:5-43
MERGED from [com.google.android.gms:play-services-base:11.6.0] AndroidManifest.xml:17:5-43
MERGED from [com.google.android.gms:play-services-base:11.6.0] AndroidManifest.xml:17:5-43
MERGED from [com.google.firebase:firebase-database-connection:11.6.0] AndroidManifest.xml:3:5-43
MERGED from [com.google.firebase:firebase-database-connection:11.6.0] AndroidManifest.xml:3:5-43
MERGED from [com.google.firebase:firebase-analytics-impl:11.6.0] AndroidManifest.xml:17:5-43
MERGED from [com.google.firebase:firebase-analytics-impl:11.6.0] AndroidManifest.xml:17:5-43
MERGED from [com.google.firebase:firebase-iid:11.6.0] AndroidManifest.xml:17:5-43
MERGED from [com.google.firebase:firebase-iid:11.6.0] AndroidManifest.xml:17:5-43
MERGED from [com.google.firebase:firebase-common:11.6.0] AndroidManifest.xml:3:5-43
MERGED from [com.google.firebase:firebase-common:11.6.0] AndroidManifest.xml:3:5-43
MERGED from [com.google.android.gms:play-services-tasks:11.6.0] AndroidManifest.xml:3:5-43
MERGED from [com.google.android.gms:play-services-tasks:11.6.0] AndroidManifest.xml:3:5-43
MERGED from [com.google.firebase:firebase-storage-common:11.6.0] AndroidManifest.xml:3:5-43
MERGED from [com.google.firebase:firebase-storage-common:11.6.0] AndroidManifest.xml:3:5-43
MERGED from [com.google.android.gms:play-services-basement:11.6.0] AndroidManifest.xml:17:5-43
MERGED from [com.google.android.gms:play-services-basement:11.6.0] AndroidManifest.xml:17:5-43
MERGED from [com.android.support:support-v4:26.1.0] AndroidManifest.xml:21:5-23:54
MERGED from [com.android.support:support-v4:26.1.0] AndroidManifest.xml:21:5-23:54
MERGED from [com.android.support:support-fragment:26.1.0] AndroidManifest.xml:21:5-23:60
MERGED from [com.android.support:support-fragment:26.1.0] AndroidManifest.xml:21:5-23:60
MERGED from [com.android.support:animated-vector-drawable:26.1.0] AndroidManifest.xml:20:5-44
MERGED from [com.android.support:animated-vector-drawable:26.1.0] AndroidManifest.xml:20:5-44
MERGED from [com.android.support:support-core-ui:26.1.0] AndroidManifest.xml:21:5-23:58
MERGED from [com.android.support:support-core-ui:26.1.0] AndroidManifest.xml:21:5-23:58
MERGED from [com.android.support:support-media-compat:26.1.0] AndroidManifest.xml:21:5-23:63
MERGED from [com.android.support:support-media-compat:26.1.0] AndroidManifest.xml:21:5-23:63
MERGED from [com.android.support:support-core-utils:26.1.0] AndroidManifest.xml:21:5-23:61
MERGED from [com.android.support:support-core-utils:26.1.0] AndroidManifest.xml:21:5-23:61
MERGED from [com.android.support:support-vector-drawable:26.1.0] AndroidManifest.xml:20:5-44
MERGED from [com.android.support:support-vector-drawable:26.1.0] AndroidManifest.xml:20:5-44
MERGED from [com.android.support:support-compat:26.1.0] AndroidManifest.xml:21:5-23:58
MERGED from [com.android.support:support-compat:26.1.0] AndroidManifest.xml:21:5-23:58
MERGED from [com.google.firebase:firebase-auth-license:11.6.0] AndroidManifest.xml:4:5-43
MERGED from [com.google.firebase:firebase-auth-license:11.6.0] AndroidManifest.xml:4:5-43
MERGED from [com.google.firebase:firebase-database-license:11.6.0] AndroidManifest.xml:4:5-43
MERGED from [com.google.firebase:firebase-database-license:11.6.0] AndroidManifest.xml:4:5-43
MERGED from [com.google.firebase:firebase-storage-license:11.6.0] AndroidManifest.xml:4:5-43
MERGED from [com.google.firebase:firebase-storage-license:11.6.0] AndroidManifest.xml:4:5-43
MERGED from [com.google.firebase:firebase-analytics-license:11.6.0] AndroidManifest.xml:4:5-43
MERGED from [com.google.firebase:firebase-analytics-license:11.6.0] AndroidManifest.xml:4:5-43
MERGED from [com.google.android.gms:play-services-base-license:11.6.0] AndroidManifest.xml:4:5-43
MERGED from [com.google.android.gms:play-services-base-license:11.6.0] AndroidManifest.xml:4:5-43
MERGED from [com.google.android.gms:play-services-basement-license:11.6.0] AndroidManifest.xml:4:5-43
MERGED from [com.google.android.gms:play-services-basement-license:11.6.0] AndroidManifest.xml:4:5-43
MERGED from [com.google.firebase:firebase-common-license:11.6.0] AndroidManifest.xml:4:5-43
MERGED from [com.google.firebase:firebase-common-license:11.6.0] AndroidManifest.xml:4:5-43
MERGED from [com.google.android.gms:play-services-tasks-license:11.6.0] AndroidManifest.xml:4:5-43
MERGED from [com.google.android.gms:play-services-tasks-license:11.6.0] AndroidManifest.xml:4:5-43
MERGED from [com.google.android.gms:play-services-auth-api-phone-license:11.6.0] AndroidManifest.xml:4:5-43
MERGED from [com.google.android.gms:play-services-auth-api-phone-license:11.6.0] AndroidManifest.xml:4:5-43
MERGED from [com.google.android.gms:play-services-auth-base-license:11.6.0] AndroidManifest.xml:4:5-43
MERGED from [com.google.android.gms:play-services-auth-base-license:11.6.0] AndroidManifest.xml:4:5-43
MERGED from [com.google.firebase:firebase-database-connection-license:11.6.0] AndroidManifest.xml:4:5-43
MERGED from [com.google.firebase:firebase-database-connection-license:11.6.0] AndroidManifest.xml:4:5-43
MERGED from [com.google.firebase:firebase-storage-common-license:11.6.0] AndroidManifest.xml:4:5-43
MERGED from [com.google.firebase:firebase-storage-common-license:11.6.0] AndroidManifest.xml:4:5-43
MERGED from [android.arch.lifecycle:runtime:1.0.0] AndroidManifest.xml:20:5-22:41
MERGED from [android.arch.lifecycle:runtime:1.0.0] AndroidManifest.xml:20:5-22:41
MERGED from [com.google.firebase:firebase-analytics-impl-license:11.6.0] AndroidManifest.xml:4:5-43
MERGED from [com.google.firebase:firebase-analytics-impl-license:11.6.0] AndroidManifest.xml:4:5-43
MERGED from [com.google.firebase:firebase-iid-license:11.6.0] AndroidManifest.xml:4:5-43
MERGED from [com.google.firebase:firebase-iid-license:11.6.0] AndroidManifest.xml:4:5-43
INJECTED from src\main\AndroidManifest.xml
INJECTED from src\main\AndroidManifest.xml
	tools:overrideLibrary
		ADDED from [com.android.support:design:26.1.0] AndroidManifest.xml:23:9-59
	android:targetSdkVersion
		INJECTED from src\main\AndroidManifest.xml
		ADDED from src\main\AndroidManifest.xml
		INJECTED from src\main\AndroidManifest.xml
	android:minSdkVersion
		INJECTED from src\main\AndroidManifest.xml
		ADDED from src\main\AndroidManifest.xml
		INJECTED from src\main\AndroidManifest.xml
meta-data#android.support.VERSION
ADDED from [com.android.support:design:26.1.0] AndroidManifest.xml:26:9-28:38
MERGED from [com.android.support:appcompat-v7:26.1.0] AndroidManifest.xml:26:9-28:38
MERGED from [com.android.support:appcompat-v7:26.1.0] AndroidManifest.xml:26:9-28:38
MERGED from [com.android.support:cardview-v7:26.1.0] AndroidManifest.xml:23:9-25:38
MERGED from [com.android.support:cardview-v7:26.1.0] AndroidManifest.xml:23:9-25:38
MERGED from [com.android.support:recyclerview-v7:26.1.0] AndroidManifest.xml:23:9-25:38
MERGED from [com.android.support:recyclerview-v7:26.1.0] AndroidManifest.xml:23:9-25:38
MERGED from [com.android.support:transition:26.1.0] AndroidManifest.xml:23:9-25:38
MERGED from [com.android.support:transition:26.1.0] AndroidManifest.xml:23:9-25:38
MERGED from [com.android.support:support-v4:26.1.0] AndroidManifest.xml:26:9-28:38
MERGED from [com.android.support:support-v4:26.1.0] AndroidManifest.xml:26:9-28:38
MERGED from [com.android.support:support-fragment:26.1.0] AndroidManifest.xml:26:9-28:38